<?xml version="1.0" encoding="UTF-8"?>
<!-- Generated by org.testng.reporters.JUnitReportReporter -->
<testsuite hostname="MYSHEC116758L" name="testcases.VerifyHomepage" tests="1" failures="0" timestamp="19 Oct 2017 07:54:06 GMT" time="164.514" errors="0">
  <testcase name="testhomepage" time="164.514" classname="testcases.VerifyHomepage"/>
</testsuite> <!-- testcases.VerifyHomepage -->
