<?xml version="1.0" encoding="UTF-8"?>
<!-- Generated by org.testng.reporters.JUnitReportReporter -->
<testsuite hostname="MYSHEC116758L" name="testcases.VerifyLoginpagewithReports" tests="1" failures="0" timestamp="19 Oct 2017 08:51:37 GMT" time="157.955" errors="0">
  <testcase name="testhomepage" time="157.955" classname="testcases.VerifyLoginpagewithReports"/>
</testsuite> <!-- testcases.VerifyLoginpagewithReports -->
