<?xml version="1.0" encoding="UTF-8"?>
<!-- Generated by org.testng.reporters.JUnitReportReporter -->
<testsuite hostname="MYSHEC116758L" name="testcases.VerifyLoginpage" tests="1" failures="0" timestamp="19 Oct 2017 07:54:06 GMT" time="196.688" errors="0">
  <testcase name="testhomepage" time="196.688" classname="testcases.VerifyLoginpage"/>
</testsuite> <!-- testcases.VerifyLoginpage -->
